<?xml version="1.0" encoding="UTF-8"?>
<!-- Generated by org.testng.reporters.JUnitXMLReporter -->
<testsuite ignored="0" hostname="N-5CG6222BRJ" failures="0" tests="3" name="Surefire test" time="19.596" errors="0" timestamp="07 Feb 2022 18:34:02 GMT">
  <testcase classname="com.autopoc.demopageauto.Testclass1" name="Test1" time="1.157"/>
  <testcase classname="com.autopoc.demopageauto.Testclass1" name="Test2" time="3.091"/>
  <testcase classname="com.autopoc.demopageauto.Testclass1" name="Test3" time="4.774"/>
</testsuite> <!-- Surefire test -->
