<?xml version="1.0" encoding="UTF-8"?>
<!-- Generated by org.testng.reporters.JUnitXMLReporter -->
<testsuite ignored="0" hostname="N-5CG6222BRJ" failures="0" tests="3" name="Test" time="19.192" errors="0" timestamp="07 Feb 2022 18:27:43 GMT">
  <testcase classname="com.autopoc.demopageauto.Testclass1" name="Test1" time="0.989"/>
  <testcase classname="com.autopoc.demopageauto.Testclass1" name="Test2" time="5.212"/>
  <testcase classname="com.autopoc.demopageauto.Testclass1" name="Test3" time="3.67"/>
</testsuite> <!-- Test -->
