<?xml version="1.0" encoding="UTF-8"?>
<testsuite xmlns:xsi="http://www.w3.org/2001/XMLSchema-instance" xsi:noNamespaceSchemaLocation="https://maven.apache.org/surefire/maven-surefire-plugin/xsd/surefire-test-report.xsd" name="com.autopoc.demopageauto.Testclass1" time="20.272" tests="3" errors="0" skipped="0" failures="0">
  <properties>
[...]
</properties>
  <testcase name="Test1" classname="com.autopoc.demopageauto.Testclass1" time="1.158"/>
  <testcase name="Test2" classname="com.autopoc.demopageauto.Testclass1" time="3.093"/>
  <testcase name="Test3" classname="com.autopoc.demopageauto.Testclass1" time="4.77"/>
</testsuite>