<?xml version="1.0" encoding="UTF-8"?>
<testng-results ignored="0" total="3" passed="3" failed="0" skipped="0">
  <reporter-output>
  </reporter-output>
  <suite started-at="2022-02-07T18:27:24Z" name="Suite" finished-at="2022-02-07T18:27:43Z" duration-ms="19192">
    <groups>
    </groups>
    <test started-at="2022-02-07T18:27:24Z" name="Test" finished-at="2022-02-07T18:27:43Z" duration-ms="19192">
      <class name="com.autopoc.demopageauto.Testclass1">
        <test-method is-config="true" signature="LanchDriver()[pri:0, instance:com.autopoc.demopageauto.Testclass1@14f9390f]" started-at="2022-02-07T18:27:24Z" name="LanchDriver" finished-at="2022-02-07T18:27:27Z" duration-ms="2690" status="PASS">
          <reporter-output>
          </reporter-output>
        </test-method> <!-- LanchDriver -->
        <test-method signature="Test1()[pri:0, instance:com.autopoc.demopageauto.Testclass1@14f9390f]" started-at="2022-02-07T18:27:27Z" name="Test1" finished-at="2022-02-07T18:27:28Z" duration-ms="989" status="PASS">
          <reporter-output>
          </reporter-output>
        </test-method> <!-- Test1 -->
        <test-method is-config="true" signature="quit()[pri:0, instance:com.autopoc.demopageauto.Testclass1@14f9390f]" started-at="2022-02-07T18:27:28Z" name="quit" finished-at="2022-02-07T18:27:29Z" duration-ms="804" status="PASS">
          <reporter-output>
          </reporter-output>
        </test-method> <!-- quit -->
        <test-method is-config="true" signature="LanchDriver()[pri:0, instance:com.autopoc.demopageauto.Testclass1@14f9390f]" started-at="2022-02-07T18:27:29Z" name="LanchDriver" finished-at="2022-02-07T18:27:31Z" duration-ms="1978" status="PASS">
          <reporter-output>
          </reporter-output>
        </test-method> <!-- LanchDriver -->
        <test-method signature="Test2()[pri:0, instance:com.autopoc.demopageauto.Testclass1@14f9390f]" started-at="2022-02-07T18:27:31Z" name="Test2" finished-at="2022-02-07T18:27:36Z" duration-ms="5212" status="PASS">
          <reporter-output>
          </reporter-output>
        </test-method> <!-- Test2 -->
        <test-method is-config="true" signature="quit()[pri:0, instance:com.autopoc.demopageauto.Testclass1@14f9390f]" started-at="2022-02-07T18:27:36Z" name="quit" finished-at="2022-02-07T18:27:37Z" duration-ms="829" status="PASS">
          <reporter-output>
          </reporter-output>
        </test-method> <!-- quit -->
        <test-method is-config="true" signature="LanchDriver()[pri:0, instance:com.autopoc.demopageauto.Testclass1@14f9390f]" started-at="2022-02-07T18:27:37Z" name="LanchDriver" finished-at="2022-02-07T18:27:39Z" duration-ms="2049" status="PASS">
          <reporter-output>
          </reporter-output>
        </test-method> <!-- LanchDriver -->
        <test-method signature="Test3()[pri:0, instance:com.autopoc.demopageauto.Testclass1@14f9390f]" started-at="2022-02-07T18:27:39Z" name="Test3" finished-at="2022-02-07T18:27:42Z" duration-ms="3670" status="PASS">
          <reporter-output>
          </reporter-output>
        </test-method> <!-- Test3 -->
        <test-method is-config="true" signature="quit()[pri:0, instance:com.autopoc.demopageauto.Testclass1@14f9390f]" started-at="2022-02-07T18:27:42Z" name="quit" finished-at="2022-02-07T18:27:43Z" duration-ms="922" status="PASS">
          <reporter-output>
          </reporter-output>
        </test-method> <!-- quit -->
      </class> <!-- com.autopoc.demopageauto.Testclass1 -->
    </test> <!-- Test -->
  </suite> <!-- Suite -->
</testng-results>
